<?xml version="1.0" encoding="UTF-8"?>
<!-- Generated by org.testng.reporters.JUnitXMLReporter -->
<testsuite hostname="Vinay" ignored="4" name="Cropin_Test1" tests="3" failures="0" timestamp="17 Nov 2020 17:41:16 GMT" time="177.693" errors="0">
  <testcase name="testUserRole" time="44.868" classname="com.cropin.testscripts.TC_Role_01"/>
  <testcase name="testWebAndMobileToggle" time="64.234" classname="com.cropin.testscripts.TC_Role_02"/>
  <testcase name="testSearchAndDelete" time="42.054" classname="com.cropin.testscripts.TC_Role_03"/>
  <testcase name="@AfterSuite killTask" time="0.0" classname="com.cropin.baseutil.BaseTest">
    <ignored/>
  </testcase> <!-- @AfterSuite killTask -->
  <testcase name="@AfterSuite killTask" time="0.0" classname="com.cropin.baseutil.BaseTest">
    <ignored/>
  </testcase> <!-- @AfterSuite killTask -->
  <testcase name="@BeforeSuite createFiles" time="0.0" classname="com.cropin.baseutil.BaseTest">
    <ignored/>
  </testcase> <!-- @BeforeSuite createFiles -->
  <testcase name="@BeforeSuite createFiles" time="0.0" classname="com.cropin.baseutil.BaseTest">
    <ignored/>
  </testcase> <!-- @BeforeSuite createFiles -->
</testsuite> <!-- Cropin_Test1 -->
