<?xml version="1.0" encoding="UTF-8"?>
<!-- Generated by org.testng.reporters.JUnitXMLReporter -->
<testsuite hostname="HCLT-PC5929-1" ignored="0" name="POC_Test2" tests="2" failures="2" timestamp="20 Sep 2020 05:38:49 GMT" time="103.582" errors="0">
  <testcase name="TC_CreateNewRequisitionForm" time="93.282" classname="com.hcl.smartrecruit.testscripts.CreateNewRequisition">
    <failure type="java.lang.AssertionError" message="MouseHover is not Completed">
      <![CDATA[java.lang.AssertionError: MouseHover is not Completed
at com.hcl.smartrecruit.util.WebActionUtil.actionMouseHover(WebActionUtil.java:467)
at com.hcl.smartrecruit.pages.RequisitionRequest_Page.projectDetail(RequisitionRequest_Page.java:323)
at com.hcl.smartrecruit.testscripts.CreateNewRequisition.TC_CreateNewRequisitionForm(CreateNewRequisition.java:29)
at java.util.concurrent.FutureTask.run(Unknown Source)
at java.util.concurrent.ThreadPoolExecutor.runWorker(Unknown Source)
at java.util.concurrent.ThreadPoolExecutor$Worker.run(Unknown Source)
at java.lang.Thread.run(Unknown Source)
... Removed 17 stack frames]]>
    </failure>
  </testcase> <!-- TC_CreateNewRequisitionForm -->
  <testcase name="TC_CreateNewRequisitionForm" time="93.576" classname="com.hcl.smartrecruit.testscripts.CreateNewRequisition">
    <failure type="java.lang.NullPointerException">
      <![CDATA[java.lang.NullPointerException
at com.hcl.smartrecruit.util.WebActionUtil.getScreenShot(WebActionUtil.java:242)
at com.hcl.smartrecruit.listners.TestListener.onTestFailure(TestListener.java:124)
at java.util.concurrent.FutureTask.run(Unknown Source)
at java.util.concurrent.ThreadPoolExecutor.runWorker(Unknown Source)
at java.util.concurrent.ThreadPoolExecutor$Worker.run(Unknown Source)
at java.lang.Thread.run(Unknown Source)
... Removed 13 stack frames]]>
    </failure>
  </testcase> <!-- TC_CreateNewRequisitionForm -->
</testsuite> <!-- POC_Test2 -->
