<?xml version="1.0" encoding="UTF-8"?>
<!-- Generated by org.testng.reporters.JUnitXMLReporter -->
<testsuite hostname="HCLT-PC5929-1" ignored="0" name="POC_Test1" tests="1" failures="1" timestamp="18 Sep 2020 21:17:24 GMT" time="124.16" errors="0">
  <testcase name="TC_CreateNewRequisitionForm" time="118.291" classname="com.hcl.smartrecruit.testscripts.CreateNewRequisition">
    <failure type="java.lang.AssertionError" message="Unable to performe action on Joinign Details ">
      <![CDATA[java.lang.AssertionError: Unable to performe action on Joinign Details 
at com.hcl.smartrecruit.pages.RequisitionRequest_Page.joiningDetails(RequisitionRequest_Page.java:507)
at com.hcl.smartrecruit.testscripts.CreateNewRequisition.TC_CreateNewRequisitionForm(CreateNewRequisition.java:34)
... Removed 26 stack frames]]>
    </failure>
  </testcase> <!-- TC_CreateNewRequisitionForm -->
</testsuite> <!-- POC_Test1 -->
