<?xml version="1.0" encoding="UTF-8"?>
<!-- Generated by org.testng.reporters.JUnitXMLReporter -->
<testsuite hostname="LAPTOP-DUI2CR0P" ignored="0" name="POC_Test" tests="3" failures="0" timestamp="12 Sep 2020 10:33:51 GMT" time="52.991" errors="0">
  <testcase name="createRequisition" time="12.971" classname="com.hcl.smartrecruit.testscripts.CreateRequisition"/>
  <testcase name="createRequisition" time="6.22" classname="com.hcl.smartrecruit.testscripts.CreateRequisition"/>
  <testcase name="createRequisition" time="7.463" classname="com.hcl.smartrecruit.testscripts.CreateRequisition"/>
</testsuite> <!-- POC_Test -->
