<?xml version="1.0" encoding="UTF-8"?>
<!-- Generated by org.testng.reporters.JUnitXMLReporter -->
<testsuite hostname="LAPTOP-DUI2CR0P" ignored="0" name="POC_Test1" tests="3" failures="0" timestamp="13 Sep 2020 05:55:41 GMT" time="46.224" errors="0">
  <testcase name="createRequisition" time="10.47" classname="com.hcl.smartrecruit.testscripts.CreateRequisition"/>
  <testcase name="createRequisition" time="4.391" classname="com.hcl.smartrecruit.testscripts.CreateRequisition"/>
  <testcase name="createRequisition" time="2.985" classname="com.hcl.smartrecruit.testscripts.CreateRequisition"/>
</testsuite> <!-- POC_Test1 -->
