<?xml version="1.0" encoding="UTF-8"?>
<!-- Generated by org.testng.reporters.JUnitXMLReporter -->
<testsuite hostname="HCLT-PC5929-1" ignored="0" name="POC_Test2" tests="2" failures="2" timestamp="20 Sep 2020 06:23:20 GMT" time="5.181" errors="0">
  <testcase name="TC_CloseRequisitionForm" time="1.318" classname="com.hcl.smartrecruit.testscripts.CloseRequisition">
    <failure type="java.lang.AssertionError" message="Unable to type in  EmployeeID Text box">
      <![CDATA[java.lang.AssertionError: Unable to type in  EmployeeID Text box
at com.hcl.smartrecruit.util.WebActionUtil.typeText(WebActionUtil.java:272)
at com.hcl.smartrecruit.pages.Login_Page.signToApplication(Login_Page.java:49)
at com.hcl.smartrecruit.testscripts.CloseRequisition.TC_CloseRequisitionForm(CloseRequisition.java:31)
at java.util.concurrent.FutureTask.run(Unknown Source)
at java.util.concurrent.ThreadPoolExecutor.runWorker(Unknown Source)
at java.util.concurrent.ThreadPoolExecutor$Worker.run(Unknown Source)
at java.lang.Thread.run(Unknown Source)
... Removed 17 stack frames]]>
    </failure>
  </testcase> <!-- TC_CloseRequisitionForm -->
  <testcase name="TC_CloseRequisitionForm" time="1.437" classname="com.hcl.smartrecruit.testscripts.CloseRequisition">
    <failure type="java.lang.NullPointerException">
      <![CDATA[java.lang.NullPointerException
at com.hcl.smartrecruit.util.WebActionUtil.getScreenShot(WebActionUtil.java:242)
at com.hcl.smartrecruit.listners.TestListener.onTestFailure(TestListener.java:124)
at java.util.concurrent.FutureTask.run(Unknown Source)
at java.util.concurrent.ThreadPoolExecutor.runWorker(Unknown Source)
at java.util.concurrent.ThreadPoolExecutor$Worker.run(Unknown Source)
at java.lang.Thread.run(Unknown Source)
... Removed 13 stack frames]]>
    </failure>
  </testcase> <!-- TC_CloseRequisitionForm -->
</testsuite> <!-- POC_Test2 -->
