<?xml version="1.0" encoding="UTF-8"?>
<!-- Generated by org.testng.reporters.JUnitXMLReporter -->
<testsuite hostname="HCLT-PC5929-1" ignored="0" name="Test2" tests="1" failures="1" timestamp="14 Sep 2020 10:32:53 GMT" time="34.504" errors="0">
  <testcase name="TC_CreateNewRequisitionForm" time="10.99" classname="com.hcl.smartrecruit.testscripts.CreateNewRequisition">
    <failure type="java.lang.AssertionError" message="Unable to type in  EmployeeID Text box">
      <![CDATA[java.lang.AssertionError: Unable to type in  EmployeeID Text box
at com.hcl.smartrecruit.util.WebActionUtil.typeText(WebActionUtil.java:239)
at com.hcl.smartrecruit.pages.Login_Page.signToApplication(Login_Page.java:46)
at com.hcl.smartrecruit.testscripts.CreateNewRequisition.TC_CreateNewRequisitionForm(CreateNewRequisition.java:25)
at java.util.concurrent.FutureTask.run(Unknown Source)
at java.util.concurrent.ThreadPoolExecutor.runWorker(Unknown Source)
at java.util.concurrent.ThreadPoolExecutor$Worker.run(Unknown Source)
at java.lang.Thread.run(Unknown Source)
... Removed 17 stack frames]]>
    </failure>
  </testcase> <!-- TC_CreateNewRequisitionForm -->
</testsuite> <!-- Test2 -->
