<?xml version="1.0" encoding="UTF-8"?>
<!-- Generated by org.testng.reporters.JUnitXMLReporter -->
<testsuite hostname="HCLT-PC5929-1" ignored="0" name="Test" tests="1" failures="1" timestamp="15 Sep 2020 13:16:06 GMT" time="248.434" errors="0">
  <testcase name="TC_CreateNewRequisitionForm" time="242.016" classname="com.hcl.smartrecruit.testscripts.ApproveAllRequisition">
    <failure type="java.lang.AssertionError" message="Unable to type in  EmployeeID Text box">
      <![CDATA[java.lang.AssertionError: Unable to type in  EmployeeID Text box
at com.hcl.smartrecruit.util.WebActionUtil.typeText(WebActionUtil.java:239)
at com.hcl.smartrecruit.pages.Login_Page.signToApplication(Login_Page.java:46)
at com.hcl.smartrecruit.testscripts.ApproveAllRequisition.TC_CreateNewRequisitionForm(ApproveAllRequisition.java:39)
... Removed 26 stack frames]]>
    </failure>
  </testcase> <!-- TC_CreateNewRequisitionForm -->
</testsuite> <!-- Test -->
