<?xml version="1.0" encoding="UTF-8"?>
<testng-results skipped="0" failed="0" ignored="0" total="0" passed="0">
  <reporter-output>
    <line>
      <![CDATA[Enter the value into  EmployeeID Text box]]>
    </line>
    <line>
      <![CDATA[ User is not able to type 40170924into  EmployeeID Text box]]>
    </line>
    <line>
      <![CDATA[Enter the value into  EmployeeID Text box]]>
    </line>
    <line>
      <![CDATA[ User is not able to type 40170924into  EmployeeID Text box]]>
    </line>
  </reporter-output>
  <suite name="SmartRecruit" duration-ms="0" started-at="2020-09-20T06:23:20Z" finished-at="2020-09-20T06:23:20Z">
    <groups>
    </groups>
  </suite> <!-- SmartRecruit -->
</testng-results>
